proguard/seeds.txt
com.antsapps.triples.CardDrawable$CardState: com.antsapps.triples.CardDrawable$CardState[] values()
com.antsapps.triples.CardDrawable$CardState: com.antsapps.triples.CardDrawable$CardState valueOf(java.lang.String)
com.antsapps.triples.CardsView
com.antsapps.triples.CardsView: CardsView(android.content.Context)
com.antsapps.triples.CardsView: CardsView(android.content.Context,android.util.AttributeSet)
com.antsapps.triples.CardsView: CardsView(android.content.Context,android.util.AttributeSet,int)
com.antsapps.triples.GameActivity
com.antsapps.triples.GameActivity: GameActivity()
com.antsapps.triples.GameCardsView
com.antsapps.triples.GameCardsView: GameCardsView(android.content.Context)
com.antsapps.triples.GameCardsView: GameCardsView(android.content.Context,android.util.AttributeSet)
com.antsapps.triples.GameCardsView: GameCardsView(android.content.Context,android.util.AttributeSet,int)
com.antsapps.triples.GameListActivity
com.antsapps.triples.GameListActivity: GameListActivity()
com.antsapps.triples.HelpActivity
com.antsapps.triples.HelpActivity: HelpActivity()
com.antsapps.triples.HelpActivity: void showAnother(android.view.View)
com.antsapps.triples.HelpCardsView
com.antsapps.triples.HelpCardsView: HelpCardsView(android.content.Context)
com.antsapps.triples.HelpCardsView: HelpCardsView(android.content.Context,android.util.AttributeSet)
com.antsapps.triples.HelpCardsView: HelpCardsView(android.content.Context,android.util.AttributeSet,int)
com.antsapps.triples.HistogramView
com.antsapps.triples.HistogramView: HistogramView(android.content.Context)
com.antsapps.triples.HistogramView: HistogramView(android.content.Context,android.util.AttributeSet)
com.antsapps.triples.HorizontalCardsView
com.antsapps.triples.HorizontalCardsView: HorizontalCardsView(android.content.Context)
com.antsapps.triples.HorizontalCardsView: HorizontalCardsView(android.content.Context,android.util.AttributeSet)
com.antsapps.triples.ScatterPlotView
com.antsapps.triples.ScatterPlotView: ScatterPlotView(android.content.Context,android.util.AttributeSet)
com.antsapps.triples.SettingsActivity
com.antsapps.triples.SettingsActivity: SettingsActivity()
com.antsapps.triples.StatisticsActivity
com.antsapps.triples.StatisticsActivity: StatisticsActivity()
com.antsapps.triples.StatusBar
com.antsapps.triples.StatusBar: StatusBar(android.content.Context,android.util.AttributeSet)
com.antsapps.triples.VerticalCardsView
com.antsapps.triples.VerticalCardsView: VerticalCardsView(android.content.Context)
com.antsapps.triples.VerticalCardsView: VerticalCardsView(android.content.Context,android.util.AttributeSet)
com.antsapps.triples.backend.Game$GameState: com.antsapps.triples.backend.Game$GameState[] values()
com.antsapps.triples.backend.Game$GameState: com.antsapps.triples.backend.Game$GameState valueOf(java.lang.String)
...
com.actionbarsherlock.widget.ActivityChooserModel$HistoryPersister
com.actionbarsherlock.widget.ActivityChooserModel$HistoryPersister: com.actionbarsherlock.widget.ActivityChooserModel this$0
com.actionbarsherlock.widget.ActivityChooserModel$HistoryPersister: ActivityChooserModel$HistoryPersister(com.actionbarsherlock.widget.ActivityChooserModel)
com.actionbarsherlock.widget.ActivityChooserModel$HistoryPersister: void run()
com.actionbarsherlock.widget.ActivityChooserModel$HistoryPersister: ActivityChooserModel$HistoryPersister(com.actionbarsherlock.widget.ActivityChooserModel,com.actionbarsherlock.widget.ActivityChooserModel$HistoryPersister)
com.actionbarsherlock.widget.ActivityChooserModel$OnChooseActivityListener
com.actionbarsherlock.widget.ActivityChooserModel$OnChooseActivityListener: boolean onChooseActivity(com.actionbarsherlock.widget.ActivityChooserModel,android.content.Intent)
com.actionbarsherlock.widget.ActivityChooserModel$SerialExecutor
com.actionbarsherlock.widget.ActivityChooserModel$SerialExecutor: java.util.LinkedList mTasks
com.actionbarsherlock.widget.ActivityChooserModel$SerialExecutor: java.lang.Runnable mActive
com.actionbarsherlock.widget.ActivityChooserModel$SerialExecutor: ActivityChooserModel$SerialExecutor()
com.actionbarsherlock.widget.ActivityChooserModel$SerialExecutor: void execute(java.lang.Runnable)
com.actionbarsherlock.widget.ActivityChooserModel$SerialExecutor: void scheduleNext()
com.actionbarsherlock.widget.ActivityChooserModel$SerialExecutor: ActivityChooserModel$SerialExecutor(com.actionbarsherlock.widget.ActivityChooserModel$SerialExecutor)
com.actionbarsherlock.widget.ActivityChooserModel$SerialExecutor$1
com.actionbarsherlock.widget.ActivityChooserModel$SerialExecutor$1: com.actionbarsherlock.widget.ActivityChooserModel$SerialExecutor this$1
com.actionbarsherlock.widget.ActivityChooserModel$SerialExecutor$1: java.lang.Runnable val$r
com.actionbarsherlock.widget.ActivityChooserModel$SerialExecutor$1: ActivityChooserModel$SerialExecutor$1(com.actionbarsherlock.widget.ActivityChooserModel$SerialExecutor,java.lang.Runnable)
com.actionbarsherlock.widget.ActivityChooserModel$SerialExecutor$1: void run()
com.actionbarsherlock.widget.ActivityChooserView
com.actionbarsherlock.widget.ActivityChooserView: com.actionbarsherlock.widget.ActivityChooserView$ActivityChooserViewAdapter mAdapter
com.actionbarsherlock.widget.ActivityChooserView: com.actionbarsherlock.widget.ActivityChooserView$Callbacks mCallbacks
com.actionbarsherlock.widget.ActivityChooserView: com.actionbarsherlock.internal.widget.IcsLinearLayout mActivityChooserContent
com.actionbarsherlock.widget.ActivityChooserView: android.graphics.drawable.Drawable mActivityChooserContentBackground
com.actionbarsherlock.widget.ActivityChooserView: android.widget.FrameLayout mExpandActivityOverflowButton
com.actionbarsherlock.widget.ActivityChooserView: android.widget.ImageView mExpandActivityOverflowButtonImage
com.actionbarsherlock.widget.ActivityChooserView: android.widget.FrameLayout mDefaultActivityButton
com.actionbarsherlock.widget.ActivityChooserView: android.widget.ImageView mDefaultActivityButtonImage
com.actionbarsherlock.widget.ActivityChooserView: int mListPopupMaxWidth
com.actionbarsherlock.widget.ActivityChooserView: com.actionbarsherlock.view.ActionProvider mProvider
com.actionbarsherlock.widget.ActivityChooserView: android.database.DataSetObserver mModelDataSetOberver
com.actionbarsherlock.widget.ActivityChooserView: android.view.ViewTreeObserver$OnGlobalLayoutListener mOnGlobalLayoutListener
com.actionbarsherlock.widget.ActivityChooserView$1
com.actionbarsherlock.widget.ActivityChooserView$1: com.actionbarsherlock.widget.ActivityChooserView this$0
com.actionbarsherlock.widget.ActivityChooserView$1: ActivityChooserView$1(com.actionbarsherlock.widget.ActivityChooserView)
com.actionbarsherlock.widget.ActivityChooserView$1: void onChanged()
com.actionbarsherlock.widget.ActivityChooserView$1: void onInvalidated()