proguard/mapping.txt
com.antsapps.triples.CardBackgroundDrawable -> com.antsapps.triples.a:
    android.graphics.drawable.shapes.RoundRectShape mCardShape -> a
    android.graphics.drawable.ShapeDrawable mBackground -> b
    android.graphics.drawable.ShapeDrawable mShadow -> c
    android.graphics.drawable.ShapeDrawable mOutline -> d
    com.antsapps.triples.CardDrawable$CardState mCardState -> e
    void draw(android.graphics.Canvas) -> draw
    int getOpacity() -> getOpacity
    void setAlpha(int) -> setAlpha
    void setColorFilter(android.graphics.ColorFilter) -> setColorFilter
    void setCardState(com.antsapps.triples.CardDrawable$CardState) -> a
    void setBounds(android.graphics.Rect) -> setBounds
com.antsapps.triples.CardDrawable -> com.antsapps.triples.b:
    java.util.Map mDrawableForCardState -> a
    int mDrawOrder -> b
    com.antsapps.triples.backend.Card mCard -> c
    com.antsapps.triples.SymbolDrawable mSymbol -> d
    com.antsapps.triples.CardBackgroundDrawable mCardBackground -> e
    android.graphics.Rect mBounds -> f
    com.antsapps.triples.CardDrawable$CardState mState -> g
    android.view.animation.Animation mAnimation -> h
    android.view.animation.Transformation mTransformation -> i
    com.antsapps.triples.CardDrawable$OnAnimationFinishedListener mListener -> j
    float mAlpha -> k
    boolean mShouldSlideIn -> l
    android.content.Context mContext -> m
    android.graphics.Rect squareFromCenterAndRadius(int,int,int) -> a
    void draw(android.graphics.Canvas) -> draw
    int getOpacity() -> getOpacity
    void setAlpha(int) -> setAlpha
    void setColorFilter(android.graphics.ColorFilter) -> setColorFilter
    boolean onTap() -> a
    void onIncorrectTriple(android.os.Handler) -> a
    void updateBounds(android.graphics.Rect,android.os.Handler) -> a
    void updateAnimation(android.view.animation.Animation) -> a
    void setShouldSlideIn() -> b
    int compareTo(java.lang.Object) -> compareTo
    android.view.animation.Animation access$1(com.antsapps.triples.CardDrawable) -> a
    void access$2$3037dcdf(com.antsapps.triples.CardDrawable) -> b
    void access$3(com.antsapps.triples.CardDrawable,com.antsapps.triples.CardDrawable$CardState) -> a
com.antsapps.triples.CardDrawable$1 -> com.antsapps.triples.c:
    com.antsapps.triples.CardDrawable this$0 -> a
    void onAnimationEnd(android.view.animation.Animation) -> onAnimationEnd
com.antsapps.triples.CardDrawable$2 -> com.antsapps.triples.d:
    com.antsapps.triples.CardDrawable this$0 -> a
    void run() -> run
com.antsapps.triples.CardDrawable$3 -> com.antsapps.triples.e:
    com.antsapps.triples.CardDrawable this$0 -> a
    void onAnimationEnd(android.view.animation.Animation) -> onAnimationEnd
com.antsapps.triples.CardDrawable$BaseAnimationListener -> com.antsapps.triples.f:
    android.os.Handler mHandler -> a
    com.antsapps.triples.CardDrawable this$0 -> b
    void onAnimationStart(android.view.animation.Animation) -> onAnimationStart
    void onAnimationEnd(android.view.animation.Animation) -> onAnimationEnd
    void onAnimationRepeat(android.view.animation.Animation) -> onAnimationRepeat
com.antsapps.triples.CardDrawable$CardState -> com.antsapps.triples.g:
    com.antsapps.triples.CardDrawable$CardState SELECTED -> a
    com.antsapps.triples.CardDrawable$CardState NORMAL -> b
    com.antsapps.triples.CardDrawable$CardState[] ENUM$VALUES -> c
    com.antsapps.triples.CardDrawable$CardState[] values() -> values
    com.antsapps.triples.CardDrawable$CardState valueOf(java.lang.String) -> valueOf
com.antsapps.triples.CardDrawable$OnAnimationFinishedListener -> com.antsapps.triples.h:
    void onAnimationFinished() -> a
...
android.support.v4.view.accessibility.AccessibilityNodeInfoCompat$AccessibilityNodeInfoIcsImpl -> android.support.v4.view.accessibility.AccessibilityNodeInfoCompat$AccessibilityNodeInfoIcsImpl:
    java.lang.Object obtain() -> obtain
    java.lang.Object obtain(android.view.View) -> obtain
    java.lang.Object obtain(java.lang.Object) -> obtain
    void addAction(java.lang.Object,int) -> addAction
    void addChild(java.lang.Object,android.view.View) -> addChild
    java.util.List findAccessibilityNodeInfosByText(java.lang.Object,java.lang.String) -> findAccessibilityNodeInfosByText
    int getActions(java.lang.Object) -> getActions
    void getBoundsInParent(java.lang.Object,android.graphics.Rect) -> getBoundsInParent
    void getBoundsInScreen(java.lang.Object,android.graphics.Rect) -> getBoundsInScreen
    java.lang.Object getChild(java.lang.Object,int) -> getChild
    int getChildCount(java.lang.Object) -> getChildCount
    java.lang.CharSequence getClassName(java.lang.Object) -> getClassName
    java.lang.CharSequence getContentDescription(java.lang.Object) -> getContentDescription
    java.lang.CharSequence getPackageName(java.lang.Object) -> getPackageName
    java.lang.Object getParent(java.lang.Object) -> getParent
    java.lang.CharSequence getText(java.lang.Object) -> getText
    int getWindowId(java.lang.Object) -> getWindowId
    boolean isCheckable(java.lang.Object) -> isCheckable
    boolean isChecked(java.lang.Object) -> isChecked
android.support.v4.view.accessibility.AccessibilityNodeInfoCompat$AccessibilityNodeInfoImpl -> android.support.v4.view.accessibility.AccessibilityNodeInfoCompat$AccessibilityNodeInfoImpl:
    java.lang.Object obtain() -> obtain
    java.lang.Object obtain(android.view.View) -> obtain
    java.lang.Object obtain(java.lang.Object) -> obtain
    java.lang.Object obtain(android.view.View,int) -> obtain
    void setSource(java.lang.Object,android.view.View) -> setSource
    void setSource(java.lang.Object,android.view.View,int) -> setSource
    java.lang.Object findFocus(java.lang.Object,int) -> findFocus
    java.lang.Object focusSearch(java.lang.Object,int) -> focusSearch
    int getWindowId(java.lang.Object) -> getWindowId
    int getChildCount(java.lang.Object) -> getChildCount
    java.lang.Object getChild(java.lang.Object,int) -> getChild
    void addChild(java.lang.Object,android.view.View) -> addChild
    void addChild(java.lang.Object,android.view.View,int) -> addChild
    int getActions(java.lang.Object) -> getActions
    void addAction(java.lang.Object,int) -> addAction
    boolean performAction(java.lang.Object,int) -> performAction
    boolean performAction(java.lang.Object,int,android.os.Bundle) -> performAction
    void setMovementGranularities(java.lang.Object,int) -> setMovementGranularities
    int getMovementGranularities(java.lang.Object) -> getMovementGranularities