proguard/usage.txt
com.antsapps.triples.BuildConfig
com.antsapps.triples.CardBackgroundDrawable:
    private static final int SHADOW_OFFSET_VERTICAL
    private static final int SHADOW_OFFSET_HORIZONTAL
    private static final int CORNER_RADIUS
    private static final int INSET_PX
com.antsapps.triples.CardDrawable:
    private static final java.lang.String TAG
    152:152:public boolean isAnimating()
    315:315:public int getDrawOrder()
    328:340:public static android.graphics.Bitmap drawableToBitmap(android.graphics.drawable.Drawable)
com.antsapps.triples.CardsView:
    private static final java.lang.String TAG
    protected static final int WHAT_INCREMENT
    protected static final int WHAT_DECREMENT
com.antsapps.triples.CompletedGameListFragment:
    public static final java.lang.String TAG
com.antsapps.triples.CurrentGameListFragment:
    public static final java.lang.String TAG
com.antsapps.triples.GameActivity:
    private android.os.PowerManager$WakeLock mWakeLock
com.antsapps.triples.GameCardsView:
    private static final java.lang.String TAG
com.antsapps.triples.GameListActivity:
    private static final java.lang.String TAB_NUMBER
com.antsapps.triples.HelpCardsView:
    public static final int COLUMNS
    private static final int MIN_ROWS
com.antsapps.triples.HistogramView:
    private static final int COLUMN_PADDING
    private static final int MAX_TIME
    private static final int NUM_TIME_LABELS
    private static final int NUM_GRIDLINES
    private static final float TEXT_HEIGHT
    private static final java.lang.String X_AXIS_TITLE
    private static final float BUFFER
com.antsapps.triples.HorizontalCardsView:
    public static final int ROWS
    private static final int MIN_COLUMNS
com.antsapps.triples.R
com.antsapps.triples.R$array
com.antsapps.triples.R$attr
com.antsapps.triples.R$bool
com.antsapps.triples.R$color
com.antsapps.triples.R$dimen
com.antsapps.triples.R$drawable
com.antsapps.triples.R$id
com.antsapps.triples.R$integer
com.antsapps.triples.R$layout
com.antsapps.triples.R$menu
com.antsapps.triples.R$string
com.antsapps.triples.R$style
com.antsapps.triples.R$styleable
com.antsapps.triples.R$xml
com.antsapps.triples.ScatterPlotView:
    private static final float TEXT_HEIGHT
    private static final float AXES_BUFFER
    38:40:public ScatterPlotView(android.content.Context)
    47:49:public void setStatistics(com.antsapps.triples.backend.Statistics)
com.antsapps.triples.StatisticsActivity:
    private static final long MS_PER_DAY
com.antsapps.triples.VerticalCardsView:
    public static final int COLUMNS
    private static final int MIN_ROWS
com.antsapps.triples.backend.Application:
    private static final java.lang.String TAG
    60:60:public java.util.List getAllGames()
com.antsapps.triples.backend.Card:
    public static final int MAX_VARIABLES
com.antsapps.triples.backend.DBAdapter:
    private static final java.lang.String DATABASE_NAME
    private static final int DATABASE_VERSION
    public static final java.lang.String TABLE_GAMES
    public static final java.lang.String COLUMN_GAME_ID
    public static final java.lang.String COLUMN_GAME_STATE
    public static final java.lang.String COLUMN_GAME_RANDOM
    public static final java.lang.String COLUMN_CARDS_IN_PLAY
    public static final java.lang.String COLUMN_CARDS_IN_DECK
    public static final java.lang.String COLUMN_TIME_ELAPSED
    public static final java.lang.String COLUMN_DATE
    private static final java.lang.String CREATE_GAMES
    private static final java.lang.String DROP_GAMES
    private static final java.lang.String TAG
com.antsapps.triples.backend.DatePeriod:
    13:13:public static com.antsapps.triples.backend.DatePeriod fromSince(java.util.Date)
com.antsapps.triples.backend.Game:
    public static final int MIN_CARDS_IN_PLAY
    public static final java.lang.String ID_TAG
    413:413:public boolean getActivityLifecycleActive()
com.antsapps.triples.backend.Statistics:
    95:95:public long getSlowestDate()
...
com.google.common.collect.MapDifference$ValueDifference
com.google.common.collect.MapMaker:
    private static final int DEFAULT_INITIAL_CAPACITY
    private static final int DEFAULT_CONCURRENCY_LEVEL
    private static final int DEFAULT_EXPIRATION_NANOS
    static final int UNSET_INT
    147:147:private boolean useNullMap()
    160:163:com.google.common.collect.MapMaker keyEquivalence(com.google.common.base.Equivalence)
    180:184:com.google.common.collect.MapMaker valueEquivalence(com.google.common.base.Equivalence)
    203:207:public com.google.common.collect.MapMaker initialCapacity(int)
    240:249:com.google.common.collect.MapMaker maximumSize(int)
    273:277:public com.google.common.collect.MapMaker concurrencyLevel(int)
    291:291:com.google.common.collect.MapMaker strongKeys()
    308:308:public com.google.common.collect.MapMaker weakKeys()
    335:335:public com.google.common.collect.MapMaker softKeys()
    339:345:com.google.common.collect.MapMaker setKeyStrength(com.google.common.collect.MapMakerInternalMap$Strength)
    359:359:com.google.common.collect.MapMaker strongValues()
    382:382:public com.google.common.collect.MapMaker weakValues()
    408:408:public com.google.common.collect.MapMaker softValues()
    412:418:com.google.common.collect.MapMaker setValueStrength(com.google.common.collect.MapMakerInternalMap$Strength)
    440:440:public com.google.common.collect.MapMaker expiration(long,java.util.concurrent.TimeUnit)
com.google.common.collect.MapMaker$NullComputingConcurrentMap
com.google.common.collect.MapMaker$NullConcurrentMap:
    private static final long serialVersionUID
com.google.common.collect.MapMaker$RemovalCause:
    abstract boolean wasEvicted()
com.google.common.collect.MapMaker$RemovalCause$1:
    788:788:boolean wasEvicted()
com.google.common.collect.MapMaker$RemovalCause$2:
    801:801:boolean wasEvicted()
com.google.common.collect.MapMaker$RemovalCause$3:
    813:813:boolean wasEvicted()
com.google.common.collect.MapMaker$RemovalCause$4:
    824:824:boolean wasEvicted()
com.google.common.collect.MapMaker$RemovalCause$5:
    835:835:boolean wasEvicted()
com.google.common.collect.MapMaker$RemovalNotification:
    private static final long serialVersionUID
    765:765:public com.google.common.collect.MapMaker$RemovalCause getCause()
    773:773:public boolean wasEvicted()
com.google.common.collect.MapMakerInternalMap:
    static final int MAXIMUM_CAPACITY
    static final int MAX_SEGMENTS
    static final int CONTAINS_VALUE_RETRIES
    static final int DRAIN_THRESHOLD
    static final int DRAIN_MAX
    static final long CLEANUP_EXECUTOR_DELAY_SECS
    private static final long serialVersionUID
    1879:1879:com.google.common.collect.MapMakerInternalMap$ReferenceEntry newEntry(java.lang.Object,int,com.google.common.collect.MapMakerInternalMap$ReferenceEntry)
    1888:1889:com.google.common.collect.MapMakerInternalMap$ReferenceEntry copyEntry(com.google.common.collect.MapMakerInternalMap$ReferenceEntry,com.google.common.collect.MapMakerInternalMap$ReferenceEntry)
    1898:1899:com.google.common.collect.MapMakerInternalMap$ValueReference newValueReference(com.google.common.collect.MapMakerInternalMap$ReferenceEntry,java.lang.Object)
    1924:1924:boolean isLive(com.google.common.collect.MapMakerInternalMap$ReferenceEntry)
    3505:3509:com.google.common.collect.MapMakerInternalMap$ReferenceEntry getEntry(java.lang.Object)
    3516:3520:com.google.common.collect.MapMakerInternalMap$ReferenceEntry getLiveEntry(java.lang.Object)
    3956:3956:java.lang.Object writeReplace()
com.google.common.collect.MapMakerInternalMap$1:
    654:654:public java.lang.Object waitForValue()
com.google.common.collect.MapMakerInternalMap$AbstractSerializationProxy
com.google.common.collect.MapMakerInternalMap$CleanupMapTask
com.google.common.collect.MapMakerInternalMap$EntryFactory:
    static final int EXPIRABLE_MASK
    static final int EVICTABLE_MASK